Performing C SOURCE FILE Test CMAKE_HAVE_LIBC_PTHREAD failed with the following output:
Change Dir: /home/rick/Code/Projects/1.CV/8.TensorRT/1.TensorRT-YOLOV5/cmake-build-debug/CMakeFiles/CMakeTmp

Run Build Command(s):/usr/bin/make -f Makefile cmTC_a272b/fast && /usr/bin/make  -f CMakeFiles/cmTC_a272b.dir/build.make CMakeFiles/cmTC_a272b.dir/build
make[1]: Entering directory '/home/rick/Code/Projects/1.CV/8.TensorRT/1.TensorRT-YOLOV5/cmake-build-debug/CMakeFiles/CMakeTmp'
Building C object CMakeFiles/cmTC_a272b.dir/src.c.o
/usr/bin/cc -DCMAKE_HAVE_LIBC_PTHREAD  -fPIC  -o CMakeFiles/cmTC_a272b.dir/src.c.o -c /home/rick/Code/Projects/1.CV/8.TensorRT/1.TensorRT-YOLOV5/cmake-build-debug/CMakeFiles/CMakeTmp/src.c
Linking C executable cmTC_a272b
/home/rick/Downloads/clion-2021.2.1/bin/cmake/linux/bin/cmake -E cmake_link_script CMakeFiles/cmTC_a272b.dir/link.txt --verbose=1
/usr/bin/cc -fPIC  CMakeFiles/cmTC_a272b.dir/src.c.o -o cmTC_a272b 
/usr/bin/ld: CMakeFiles/cmTC_a272b.dir/src.c.o: in function `main':
src.c:(.text+0x3e): undefined reference to `pthread_create'
/usr/bin/ld: src.c:(.text+0x4a): undefined reference to `pthread_detach'
/usr/bin/ld: src.c:(.text+0x56): undefined reference to `pthread_cancel'
/usr/bin/ld: src.c:(.text+0x67): undefined reference to `pthread_join'
collect2: error: ld returned 1 exit status
make[1]: *** [CMakeFiles/cmTC_a272b.dir/build.make:99: cmTC_a272b] Error 1
make[1]: Leaving directory '/home/rick/Code/Projects/1.CV/8.TensorRT/1.TensorRT-YOLOV5/cmake-build-debug/CMakeFiles/CMakeTmp'
make: *** [Makefile:127: cmTC_a272b/fast] Error 2


Source file was:
#include <pthread.h>

static void* test_func(void* data)
{
  return data;
}

int main(void)
{
  pthread_t thread;
  pthread_create(&thread, NULL, test_func, NULL);
  pthread_detach(thread);
  pthread_cancel(thread);
  pthread_join(thread, NULL);
  pthread_atfork(NULL, NULL, NULL);
  pthread_exit(NULL);

  return 0;
}

Determining if the function pthread_create exists in the pthreads failed with the following output:
Change Dir: /home/rick/Code/Projects/1.CV/8.TensorRT/1.TensorRT-YOLOV5/cmake-build-debug/CMakeFiles/CMakeTmp

Run Build Command(s):/usr/bin/make -f Makefile cmTC_e12ed/fast && /usr/bin/make  -f CMakeFiles/cmTC_e12ed.dir/build.make CMakeFiles/cmTC_e12ed.dir/build
make[1]: Entering directory '/home/rick/Code/Projects/1.CV/8.TensorRT/1.TensorRT-YOLOV5/cmake-build-debug/CMakeFiles/CMakeTmp'
Building C object CMakeFiles/cmTC_e12ed.dir/CheckFunctionExists.c.o
/usr/bin/cc   -fPIC -DCHECK_FUNCTION_EXISTS=pthread_create -o CMakeFiles/cmTC_e12ed.dir/CheckFunctionExists.c.o -c /home/rick/Downloads/clion-2021.2.1/bin/cmake/linux/share/cmake-3.20/Modules/CheckFunctionExists.c
Linking C executable cmTC_e12ed
/home/rick/Downloads/clion-2021.2.1/bin/cmake/linux/bin/cmake -E cmake_link_script CMakeFiles/cmTC_e12ed.dir/link.txt --verbose=1
/usr/bin/cc -fPIC -DCHECK_FUNCTION_EXISTS=pthread_create CMakeFiles/cmTC_e12ed.dir/CheckFunctionExists.c.o -o cmTC_e12ed  -lpthreads 
/usr/bin/ld: cannot find -lpthreads
collect2: error: ld returned 1 exit status
make[1]: *** [CMakeFiles/cmTC_e12ed.dir/build.make:99: cmTC_e12ed] Error 1
make[1]: Leaving directory '/home/rick/Code/Projects/1.CV/8.TensorRT/1.TensorRT-YOLOV5/cmake-build-debug/CMakeFiles/CMakeTmp'
make: *** [Makefile:127: cmTC_e12ed/fast] Error 2



